[debug] [2021-04-30T16:07:03.414Z] ----------------------------------------------------------------------
[debug] [2021-04-30T16:07:03.416Z] Command:       /usr/local/bin/node /home/gaston/.npm-global/bin/firebase deploy --only hosting:test-lim
[debug] [2021-04-30T16:07:03.416Z] CLI Version:   9.9.0
[debug] [2021-04-30T16:07:03.416Z] Platform:      linux
[debug] [2021-04-30T16:07:03.417Z] Node Version:  v12.18.4
[debug] [2021-04-30T16:07:03.417Z] Time:          Fri Apr 30 2021 13:07:03 GMT-0300 (GMT-03:00)
[debug] [2021-04-30T16:07:03.417Z] ----------------------------------------------------------------------
[debug] 
[debug] [2021-04-30T16:07:03.419Z] >>> [apiv2][query] GET https://firebase-public.firebaseio.com/cli.json [none]
[debug] [2021-04-30T16:07:03.437Z] > command requires scopes: ["email","openid","https://www.googleapis.com/auth/cloudplatformprojects.readonly","https://www.googleapis.com/auth/firebase","https://www.googleapis.com/auth/cloud-platform"]
[debug] [2021-04-30T16:07:03.437Z] > authorizing via signed-in user (gastonglell@gmail.com)
[debug] [2021-04-30T16:07:03.437Z] [iam] checking project test-lim for permissions ["firebase.projects.get","firebasehosting.sites.update"]
[debug] [2021-04-30T16:07:03.438Z] > refreshing access token with scopes: ["email","https://www.googleapis.com/auth/cloud-platform","https://www.googleapis.com/auth/cloudplatformprojects.readonly","https://www.googleapis.com/auth/firebase","openid"]
[debug] [2021-04-30T16:07:03.438Z] >>> HTTP REQUEST POST https://www.googleapis.com/oauth2/v3/token  
 <request body omitted>
[debug] [2021-04-30T16:07:03.992Z] <<< HTTP RESPONSE 200 {"expires":"Mon, 01 Jan 1990 00:00:00 GMT","pragma":"no-cache","cache-control":"no-cache, no-store, max-age=0, must-revalidate","date":"Fri, 30 Apr 2021 16:07:03 GMT","content-type":"application/json; charset=utf-8","vary":"X-Origin, Referer, Origin,Accept-Encoding","server":"scaffolding on HTTPServer2","x-xss-protection":"0","x-frame-options":"SAMEORIGIN","x-content-type-options":"nosniff","alt-svc":"h3-29=\":443\"; ma=2592000,h3-T051=\":443\"; ma=2592000,h3-Q050=\":443\"; ma=2592000,h3-Q046=\":443\"; ma=2592000,h3-Q043=\":443\"; ma=2592000,quic=\":443\"; ma=2592000; v=\"46,43\"","accept-ranges":"none","transfer-encoding":"chunked"}
[debug] [2021-04-30T16:07:04.107Z] >>> HTTP REQUEST POST https://cloudresourcemanager.googleapis.com/v1/projects/test-lim:testIamPermissions  
 {"permissions":["firebase.projects.get","firebasehosting.sites.update"]}
[debug] [2021-04-30T16:07:04.380Z] <<< [apiv2][status] GET https://firebase-public.firebaseio.com/cli.json 200
[debug] [2021-04-30T16:07:04.380Z] <<< [apiv2][body] GET https://firebase-public.firebaseio.com/cli.json {"cloudBuildErrorAfter":1594252800000,"cloudBuildWarnAfter":1590019200000,"defaultNode10After":1594252800000,"minVersion":"3.0.5","node8DeploysDisabledAfter":1613390400000,"node8RuntimeDisabledAfter":1615809600000,"node8WarnAfter":1600128000000}
[debug] [2021-04-30T16:07:05.515Z] <<< HTTP RESPONSE 200 {"content-type":"application/json; charset=UTF-8","vary":"X-Origin, Referer, Origin,Accept-Encoding","date":"Fri, 30 Apr 2021 16:07:05 GMT","server":"ESF","cache-control":"private","x-xss-protection":"0","x-frame-options":"SAMEORIGIN","x-content-type-options":"nosniff","server-timing":"gfet4t7; dur=923","alt-svc":"h3-29=\":443\"; ma=2592000,h3-T051=\":443\"; ma=2592000,h3-Q050=\":443\"; ma=2592000,h3-Q046=\":443\"; ma=2592000,h3-Q043=\":443\"; ma=2592000,quic=\":443\"; ma=2592000; v=\"46,43\"","accept-ranges":"none","transfer-encoding":"chunked"}
[debug] [2021-04-30T16:07:05.520Z] > refreshing access token with scopes: []
[debug] [2021-04-30T16:07:05.521Z] >>> HTTP REQUEST POST https://www.googleapis.com/oauth2/v3/token  
 <request body omitted>
[debug] [2021-04-30T16:07:07.110Z] <<< HTTP RESPONSE 200 {"expires":"Mon, 01 Jan 1990 00:00:00 GMT","cache-control":"no-cache, no-store, max-age=0, must-revalidate","date":"Fri, 30 Apr 2021 16:07:07 GMT","pragma":"no-cache","content-type":"application/json; charset=utf-8","vary":"X-Origin, Referer, Origin,Accept-Encoding","server":"scaffolding on HTTPServer2","x-xss-protection":"0","x-frame-options":"SAMEORIGIN","x-content-type-options":"nosniff","alt-svc":"h3-29=\":443\"; ma=2592000,h3-T051=\":443\"; ma=2592000,h3-Q050=\":443\"; ma=2592000,h3-Q046=\":443\"; ma=2592000,h3-Q043=\":443\"; ma=2592000,quic=\":443\"; ma=2592000; v=\"46,43\"","accept-ranges":"none","transfer-encoding":"chunked"}
[debug] [2021-04-30T16:07:07.211Z] >>> [apiv2][query] GET https://firebase.googleapis.com/v1beta1/projects/test-lim [none]
[debug] [2021-04-30T16:07:08.791Z] <<< [apiv2][status] GET https://firebase.googleapis.com/v1beta1/projects/test-lim 200
[debug] [2021-04-30T16:07:08.792Z] <<< [apiv2][body] GET https://firebase.googleapis.com/v1beta1/projects/test-lim {"projectId":"test-lim","projectNumber":"914731159231","displayName":"lim-arquitectura","name":"projects/test-lim","resources":{"hostingSite":"test-lim","storageBucket":"test-lim.appspot.com","locationId":"europe-west"},"state":"ACTIVE"}
[info] 
[info] === Deploying to 'test-lim'...
[info] 
[info] i  deploying hosting 
[debug] [2021-04-30T16:07:08.797Z] > refreshing access token with scopes: ["email","https://www.googleapis.com/auth/cloud-platform","https://www.googleapis.com/auth/cloudplatformprojects.readonly","https://www.googleapis.com/auth/firebase","openid"]
[debug] [2021-04-30T16:07:08.797Z] >>> HTTP REQUEST POST https://www.googleapis.com/oauth2/v3/token  
 <request body omitted>
[debug] [2021-04-30T16:07:09.441Z] <<< HTTP RESPONSE 200 {"expires":"Mon, 01 Jan 1990 00:00:00 GMT","date":"Fri, 30 Apr 2021 16:07:09 GMT","pragma":"no-cache","cache-control":"no-cache, no-store, max-age=0, must-revalidate","content-type":"application/json; charset=utf-8","vary":"X-Origin, Referer, Origin,Accept-Encoding","server":"scaffolding on HTTPServer2","x-xss-protection":"0","x-frame-options":"SAMEORIGIN","x-content-type-options":"nosniff","alt-svc":"h3-29=\":443\"; ma=2592000,h3-T051=\":443\"; ma=2592000,h3-Q050=\":443\"; ma=2592000,h3-Q046=\":443\"; ma=2592000,h3-Q043=\":443\"; ma=2592000,quic=\":443\"; ma=2592000; v=\"46,43\"","accept-ranges":"none","transfer-encoding":"chunked"}
[debug] [2021-04-30T16:07:09.567Z] >>> HTTP REQUEST POST https://firebasehosting.googleapis.com/v1beta1/sites/test-lim/versions  
 {"config":{},"labels":{"deployment-tool":"cli-firebase"}}
[debug] [2021-04-30T16:07:12.147Z] <<< HTTP RESPONSE 200 {"content-type":"application/json; charset=UTF-8","vary":"X-Origin, Referer, Origin,Accept-Encoding","date":"Fri, 30 Apr 2021 16:07:11 GMT","server":"ESF","cache-control":"private","x-xss-protection":"0","x-frame-options":"SAMEORIGIN","x-content-type-options":"nosniff","alt-svc":"h3-29=\":443\"; ma=2592000,h3-T051=\":443\"; ma=2592000,h3-Q050=\":443\"; ma=2592000,h3-Q046=\":443\"; ma=2592000,h3-Q043=\":443\"; ma=2592000,quic=\":443\"; ma=2592000; v=\"46,43\"","accept-ranges":"none","transfer-encoding":"chunked"}
[info] i  hosting[test-lim]: beginning deploy... 
[info] i  hosting[test-lim]: found 27 files in build 
[debug] [2021-04-30T16:07:12.896Z] > refreshing access token with scopes: []
[debug] [2021-04-30T16:07:12.897Z] >>> HTTP REQUEST POST https://www.googleapis.com/oauth2/v3/token  
 <request body omitted>
[debug] [2021-04-30T16:07:12.899Z] [hosting] hash cache [YnVpbGQ] stored for 27 files
[debug] [2021-04-30T16:07:12.899Z] [hosting][hash queue][FINAL] {"max":677,"min":27,"avg":94.85185185185185,"active":0,"complete":27,"success":27,"errored":0,"retried":0,"total":27,"elapsed":684}
[debug] [2021-04-30T16:07:13.292Z] <<< HTTP RESPONSE 200 {"cache-control":"no-cache, no-store, max-age=0, must-revalidate","date":"Fri, 30 Apr 2021 16:07:13 GMT","pragma":"no-cache","expires":"Mon, 01 Jan 1990 00:00:00 GMT","content-type":"application/json; charset=utf-8","vary":"X-Origin, Referer, Origin,Accept-Encoding","server":"scaffolding on HTTPServer2","x-xss-protection":"0","x-frame-options":"SAMEORIGIN","x-content-type-options":"nosniff","alt-svc":"h3-29=\":443\"; ma=2592000,h3-T051=\":443\"; ma=2592000,h3-Q050=\":443\"; ma=2592000,h3-Q046=\":443\"; ma=2592000,h3-Q043=\":443\"; ma=2592000,quic=\":443\"; ma=2592000; v=\"46,43\"","accept-ranges":"none","transfer-encoding":"chunked"}
[debug] [2021-04-30T16:07:13.379Z] >>> [apiv2][query] POST https://firebasehosting.googleapis.com/v1beta1/sites/test-lim/versions/62eb5cd1f00a9a06:populateFiles [none]
[debug] [2021-04-30T16:07:13.379Z] >>> [apiv2][body] POST https://firebasehosting.googleapis.com/v1beta1/sites/test-lim/versions/62eb5cd1f00a9a06:populateFiles {"files":{"/404.html":"b7bab6b83fa074653ff28c8d2a64135d3434575f70a12ab3d3ba8080461b9537","/asset-manifest.json":"361bb7148d3d88827dc212f0c46a45e0c4100da488776d768c97c23037f82cca","/manifest.json":"0958a5e0c831126100c8c2d06a6bbaa665a3900f21aaff4130238a6f5a113aa1","/index.html":"ccd0bb9c8a38601328efb27af535766793457a978687c79f0283186bf3f5280b","/robots.txt":"2544ca049f223a42bff01f72ad930a5edba75bbb7199d0f8430a02ff5aca16ec","/static/css/main.f247a8af.chunk.css":"ac5a997fb46589ce5a9fb62a7352d12e818821b026c54ff2209c415219ff1472","/static/css/main.f247a8af.chunk.css.map":"3cb3b25fed97b0150ee4b73f8556f7bcca7276e61919664c84dbb28309789616","/static/js/2.30342d4b.chunk.js.LICENSE.txt":"0e382a105c05bc78287b8e17f5d515a226e6107837ebd525343ba90272a07d3e","/static/js/3.51f96bf6.chunk.js":"e72bb4baa8e0abad8a6982b0b8867a9a20a50b8217321572623e8f71903f5a0f","/static/js/3.51f96bf6.chunk.js.map":"d67c80f2dadbabfb028395a3fb010a742a50f2e17b9d5e4dd846b4203b4f08e3","/static/js/main.c716c31a.chunk.js":"7624090240bc7cff383da37a1d3f3efa61345f37ab04feaba831be3daf270ac8","/static/js/main.c716c31a.chunk.js.map":"e314b0cb01b1e44827534a16e5611c89c1ccd5674ccaf5796c554f85a9fa9432","/static/js/runtime-main.ab3ba2e2.js.map":"ce485ac2371c442f3ec2026f9ee232e6c7fae53903133cf9f7a250ca70a0ba98","/static/js/runtime-main.ab3ba2e2.js":"79e101577e9f3146f88539bc04039ccca42fec0c2b515d47a40f4448b8ae7381","/static/media/Simbolo.1a63fb43.svg":"0bf4338ba02a5e66e53b64c45da546425e5dd20cf10e3a04bbcda5291b6794d3","/static/media/limArquitectura-negro.8be42136.svg":"a8f6dca3c2bd20e4f23a20dd0e114ce303b690ef7d733d84262345d4cd853250","/static/media/simbolo-blanco.801b9eaa.svg":"c4a6e730b383af5ff197058a4b101437572efcd112fdffd80496e9730cfa8132","/static/css/2.4c97ca4f.chunk.css":"90891cdbf590f25e3d5a4803314c3f12200583d2de82ef8578fcc96f4554acfb","/static/media/vector instagram.d784a3d9.jpg":"7efc2ac07f4a3c60d66e5b61dfec531fa16c80e8b3c92f6e5390afca0f5f709b","/static/css/2.4c97ca4f.chunk.css.map":"e6d533ce6aa00e629308b4035f6a0e774380209fda684a79bf1a911d3f4c3ed2","/static/media/ellos.569d1a44.jpg":"fb430e35c6cc0fe30fc26154d5c68d5d7a659dfc91adb39361d40d0588e2e594","/static/js/2.30342d4b.chunk.js":"f660d5e41685a45a48f507f1675eaf3ac799973705b74f7438639771b046fd79","/static/media/tipografia.9e956a53.jpg":"d91acd1ea26ca8e0c798366476027a712dba3f98c92b37d0deb161312895d095","/static/media/Inicio3.87038f52.jpg":"fe83c7cdf4c3f63c9f27fc9d76de010987276d6dd948b6146b8bdd63c554b80a","/static/media/Inicio2.4eac8a7e.jpg":"59bcbdf3502530918f64aecb89cd51e9438ca36d996cfa80d4cf2b9ab7805a29","/static/media/Inicio1.ef25041a.jpg":"45c557baf947c7e3f983b069b7733b5f1f293cc68088fb6ab152269d781e807b","/static/js/2.30342d4b.chunk.js.map":"4133b1d38f11c122596da228da6c770043a0cadd7721700c39f6211a771e3f96"}}
[debug] [2021-04-30T16:07:15.322Z] <<< [apiv2][status] POST https://firebasehosting.googleapis.com/v1beta1/sites/test-lim/versions/62eb5cd1f00a9a06:populateFiles 200
[debug] [2021-04-30T16:07:15.322Z] <<< [apiv2][body] POST https://firebasehosting.googleapis.com/v1beta1/sites/test-lim/versions/62eb5cd1f00a9a06:populateFiles {"uploadRequiredHashes":["7624090240bc7cff383da37a1d3f3efa61345f37ab04feaba831be3daf270ac8","ac5a997fb46589ce5a9fb62a7352d12e818821b026c54ff2209c415219ff1472","361bb7148d3d88827dc212f0c46a45e0c4100da488776d768c97c23037f82cca","3cb3b25fed97b0150ee4b73f8556f7bcca7276e61919664c84dbb28309789616","ccd0bb9c8a38601328efb27af535766793457a978687c79f0283186bf3f5280b","e314b0cb01b1e44827534a16e5611c89c1ccd5674ccaf5796c554f85a9fa9432"],"uploadUrl":"https://upload-firebasehosting.googleapis.com/upload/sites/test-lim/versions/62eb5cd1f00a9a06/files"}
[debug] [2021-04-30T16:07:15.330Z] >>> [apiv2][query] POST https://upload-firebasehosting.googleapis.com/upload/sites/test-lim/versions/62eb5cd1f00a9a06/files/7624090240bc7cff383da37a1d3f3efa61345f37ab04feaba831be3daf270ac8 [none]
[debug] [2021-04-30T16:07:15.330Z] >>> [apiv2][body] POST https://upload-firebasehosting.googleapis.com/upload/sites/test-lim/versions/62eb5cd1f00a9a06/files/7624090240bc7cff383da37a1d3f3efa61345f37ab04feaba831be3daf270ac8 [stream]
[debug] [2021-04-30T16:07:15.334Z] >>> [apiv2][query] POST https://upload-firebasehosting.googleapis.com/upload/sites/test-lim/versions/62eb5cd1f00a9a06/files/ac5a997fb46589ce5a9fb62a7352d12e818821b026c54ff2209c415219ff1472 [none]
[debug] [2021-04-30T16:07:15.334Z] >>> [apiv2][body] POST https://upload-firebasehosting.googleapis.com/upload/sites/test-lim/versions/62eb5cd1f00a9a06/files/ac5a997fb46589ce5a9fb62a7352d12e818821b026c54ff2209c415219ff1472 [stream]
[debug] [2021-04-30T16:07:15.337Z] >>> [apiv2][query] POST https://upload-firebasehosting.googleapis.com/upload/sites/test-lim/versions/62eb5cd1f00a9a06/files/361bb7148d3d88827dc212f0c46a45e0c4100da488776d768c97c23037f82cca [none]
[debug] [2021-04-30T16:07:15.337Z] >>> [apiv2][body] POST https://upload-firebasehosting.googleapis.com/upload/sites/test-lim/versions/62eb5cd1f00a9a06/files/361bb7148d3d88827dc212f0c46a45e0c4100da488776d768c97c23037f82cca [stream]
[debug] [2021-04-30T16:07:15.340Z] >>> [apiv2][query] POST https://upload-firebasehosting.googleapis.com/upload/sites/test-lim/versions/62eb5cd1f00a9a06/files/3cb3b25fed97b0150ee4b73f8556f7bcca7276e61919664c84dbb28309789616 [none]
[debug] [2021-04-30T16:07:15.340Z] >>> [apiv2][body] POST https://upload-firebasehosting.googleapis.com/upload/sites/test-lim/versions/62eb5cd1f00a9a06/files/3cb3b25fed97b0150ee4b73f8556f7bcca7276e61919664c84dbb28309789616 [stream]
[debug] [2021-04-30T16:07:15.342Z] >>> [apiv2][query] POST https://upload-firebasehosting.googleapis.com/upload/sites/test-lim/versions/62eb5cd1f00a9a06/files/ccd0bb9c8a38601328efb27af535766793457a978687c79f0283186bf3f5280b [none]
[debug] [2021-04-30T16:07:15.343Z] >>> [apiv2][body] POST https://upload-firebasehosting.googleapis.com/upload/sites/test-lim/versions/62eb5cd1f00a9a06/files/ccd0bb9c8a38601328efb27af535766793457a978687c79f0283186bf3f5280b [stream]
[debug] [2021-04-30T16:07:15.345Z] >>> [apiv2][query] POST https://upload-firebasehosting.googleapis.com/upload/sites/test-lim/versions/62eb5cd1f00a9a06/files/e314b0cb01b1e44827534a16e5611c89c1ccd5674ccaf5796c554f85a9fa9432 [none]
[debug] [2021-04-30T16:07:15.345Z] >>> [apiv2][body] POST https://upload-firebasehosting.googleapis.com/upload/sites/test-lim/versions/62eb5cd1f00a9a06/files/e314b0cb01b1e44827534a16e5611c89c1ccd5674ccaf5796c554f85a9fa9432 [stream]
[debug] [2021-04-30T16:07:15.347Z] [hosting][populate queue][FINAL] {"max":2434,"min":2434,"avg":2434,"active":0,"complete":1,"success":1,"errored":0,"retried":0,"total":1,"elapsed":2451}
[debug] [2021-04-30T16:07:15.348Z] [hosting] uploads queued: 6
[debug] [2021-04-30T16:07:17.625Z] <<< [apiv2][status] POST https://upload-firebasehosting.googleapis.com/upload/sites/test-lim/versions/62eb5cd1f00a9a06/files/3cb3b25fed97b0150ee4b73f8556f7bcca7276e61919664c84dbb28309789616 200
[debug] [2021-04-30T16:07:17.625Z] <<< [apiv2][body] POST https://upload-firebasehosting.googleapis.com/upload/sites/test-lim/versions/62eb5cd1f00a9a06/files/3cb3b25fed97b0150ee4b73f8556f7bcca7276e61919664c84dbb28309789616 [stream]
[debug] [2021-04-30T16:07:19.015Z] <<< [apiv2][status] POST https://upload-firebasehosting.googleapis.com/upload/sites/test-lim/versions/62eb5cd1f00a9a06/files/ac5a997fb46589ce5a9fb62a7352d12e818821b026c54ff2209c415219ff1472 200
[debug] [2021-04-30T16:07:19.015Z] <<< [apiv2][body] POST https://upload-firebasehosting.googleapis.com/upload/sites/test-lim/versions/62eb5cd1f00a9a06/files/ac5a997fb46589ce5a9fb62a7352d12e818821b026c54ff2209c415219ff1472 [stream]
[debug] [2021-04-30T16:07:19.018Z] <<< [apiv2][status] POST https://upload-firebasehosting.googleapis.com/upload/sites/test-lim/versions/62eb5cd1f00a9a06/files/361bb7148d3d88827dc212f0c46a45e0c4100da488776d768c97c23037f82cca 200
[debug] [2021-04-30T16:07:19.018Z] <<< [apiv2][body] POST https://upload-firebasehosting.googleapis.com/upload/sites/test-lim/versions/62eb5cd1f00a9a06/files/361bb7148d3d88827dc212f0c46a45e0c4100da488776d768c97c23037f82cca [stream]
[debug] [2021-04-30T16:07:19.035Z] <<< [apiv2][status] POST https://upload-firebasehosting.googleapis.com/upload/sites/test-lim/versions/62eb5cd1f00a9a06/files/e314b0cb01b1e44827534a16e5611c89c1ccd5674ccaf5796c554f85a9fa9432 200
[debug] [2021-04-30T16:07:19.035Z] <<< [apiv2][body] POST https://upload-firebasehosting.googleapis.com/upload/sites/test-lim/versions/62eb5cd1f00a9a06/files/e314b0cb01b1e44827534a16e5611c89c1ccd5674ccaf5796c554f85a9fa9432 [stream]
[debug] [2021-04-30T16:07:20.878Z] <<< [apiv2][status] POST https://upload-firebasehosting.googleapis.com/upload/sites/test-lim/versions/62eb5cd1f00a9a06/files/ccd0bb9c8a38601328efb27af535766793457a978687c79f0283186bf3f5280b 200
[debug] [2021-04-30T16:07:20.879Z] <<< [apiv2][body] POST https://upload-firebasehosting.googleapis.com/upload/sites/test-lim/versions/62eb5cd1f00a9a06/files/ccd0bb9c8a38601328efb27af535766793457a978687c79f0283186bf3f5280b [stream]
[debug] [2021-04-30T16:07:20.883Z] <<< [apiv2][status] POST https://upload-firebasehosting.googleapis.com/upload/sites/test-lim/versions/62eb5cd1f00a9a06/files/7624090240bc7cff383da37a1d3f3efa61345f37ab04feaba831be3daf270ac8 200
[debug] [2021-04-30T16:07:20.883Z] <<< [apiv2][body] POST https://upload-firebasehosting.googleapis.com/upload/sites/test-lim/versions/62eb5cd1f00a9a06/files/7624090240bc7cff383da37a1d3f3efa61345f37ab04feaba831be3daf270ac8 [stream]
[debug] [2021-04-30T16:07:20.884Z] [hosting][upload queue][FINAL] {"max":5561,"min":2298,"avg":4083,"active":0,"complete":6,"success":6,"errored":0,"retried":0,"total":6,"elapsed":5561}
[info] ✔  hosting[test-lim]: file upload complete 
[debug] [2021-04-30T16:07:20.888Z] [hosting] deploy completed after 8737ms
[debug] [2021-04-30T16:07:23.680Z] [
  {
    "config": {
      "public": "build",
      "ignore": [
        "firebase.json",
        "**/.*",
        "**/node_modules/**"
      ],
      "site": "test-lim"
    },
    "site": "test-lim",
    "version": "sites/test-lim/versions/62eb5cd1f00a9a06"
  }
]
[info] i  hosting[test-lim]: finalizing version... 
[debug] [2021-04-30T16:07:23.682Z] > refreshing access token with scopes: ["email","https://www.googleapis.com/auth/cloud-platform","https://www.googleapis.com/auth/cloudplatformprojects.readonly","https://www.googleapis.com/auth/firebase","openid"]
[debug] [2021-04-30T16:07:23.682Z] >>> HTTP REQUEST POST https://www.googleapis.com/oauth2/v3/token  
 <request body omitted>
[debug] [2021-04-30T16:07:27.520Z] <<< HTTP RESPONSE 200 {"pragma":"no-cache","cache-control":"no-cache, no-store, max-age=0, must-revalidate","date":"Fri, 30 Apr 2021 16:07:26 GMT","expires":"Mon, 01 Jan 1990 00:00:00 GMT","content-type":"application/json; charset=utf-8","vary":"X-Origin, Referer, Origin,Accept-Encoding","server":"scaffolding on HTTPServer2","x-xss-protection":"0","x-frame-options":"SAMEORIGIN","x-content-type-options":"nosniff","alt-svc":"h3-29=\":443\"; ma=2592000,h3-T051=\":443\"; ma=2592000,h3-Q050=\":443\"; ma=2592000,h3-Q046=\":443\"; ma=2592000,h3-Q043=\":443\"; ma=2592000,quic=\":443\"; ma=2592000; v=\"46,43\"","accept-ranges":"none","transfer-encoding":"chunked"}
[debug] [2021-04-30T16:07:27.626Z] >>> HTTP REQUEST PATCH https://firebasehosting.googleapis.com/v1beta1/sites/test-lim/versions/62eb5cd1f00a9a06?updateMask=status  
 {"status":"FINALIZED"}
[debug] [2021-04-30T16:07:30.318Z] <<< HTTP RESPONSE 200 {"content-type":"application/json; charset=UTF-8","vary":"X-Origin, Referer, Origin,Accept-Encoding","date":"Fri, 30 Apr 2021 16:07:29 GMT","server":"ESF","cache-control":"private","x-xss-protection":"0","x-frame-options":"SAMEORIGIN","x-content-type-options":"nosniff","alt-svc":"h3-29=\":443\"; ma=2592000,h3-T051=\":443\"; ma=2592000,h3-Q050=\":443\"; ma=2592000,h3-Q046=\":443\"; ma=2592000,h3-Q043=\":443\"; ma=2592000,quic=\":443\"; ma=2592000; v=\"46,43\"","accept-ranges":"none","transfer-encoding":"chunked"}
[debug] [2021-04-30T16:07:30.320Z] [hosting] finalized version for test-lim: {"name":"sites/test-lim/versions/62eb5cd1f00a9a06","status":"FINALIZED","config":{},"labels":{"deployment-tool":"cli-firebase"},"createTime":"2021-04-30T16:07:11.534790Z","createUser":{"email":"Gastonglell@gmail.com"},"finalizeTime":"2021-04-30T16:07:29.890652Z","finalizeUser":{"email":"Gastonglell@gmail.com"}}
[info] ✔  hosting[test-lim]: version finalized 
[info] i  hosting[test-lim]: releasing new version... 
[debug] [2021-04-30T16:07:30.322Z] >>> HTTP REQUEST POST https://firebasehosting.googleapis.com/v1beta1/sites/test-lim/releases?version_name=sites/test-lim/versions/62eb5cd1f00a9a06  
 {"message":null}
[debug] [2021-04-30T16:07:47.986Z] Error: socket hang up
    at connResetException (internal/errors.js:610:14)
    at TLSSocket.socketOnEnd (_http_client.js:453:23)
    at TLSSocket.emit (events.js:327:22)
    at TLSSocket.EventEmitter.emit (domain.js:483:12)
    at endReadableNT (_stream_readable.js:1220:12)
    at processTicksAndRejections (internal/process/task_queues.js:84:21)
[error] 
[error] Error: Server Error. socket hang up
